2024/07/18 12:34:44 [notice] 1#1: using the "epoll" event method
2024/07/18 12:34:44 [notice] 1#1: nginx/1.27.0
2024/07/18 12:34:44 [notice] 1#1: built by gcc 12.2.0 (Debian 12.2.0-14) 
2024/07/18 12:34:44 [notice] 1#1: OS: Linux 6.9.8-200.fc40.x86_64
2024/07/18 12:34:44 [notice] 1#1: getrlimit(RLIMIT_NOFILE): 1073741816:1073741816
2024/07/18 12:34:44 [notice] 1#1: start worker processes
2024/07/18 12:34:44 [notice] 1#1: start worker process 28
2024/07/18 12:34:44 [notice] 1#1: start worker process 29
2024/07/18 12:34:44 [notice] 1#1: start worker process 30
2024/07/18 12:34:44 [notice] 1#1: start worker process 31
2024/07/18 12:34:44 [notice] 1#1: start worker process 32
2024/07/18 12:34:44 [notice] 1#1: start worker process 33
2024/07/18 12:34:44 [notice] 1#1: start worker process 34
2024/07/18 12:34:44 [notice] 1#1: start worker process 35
2024/07/18 12:34:44 [notice] 1#1: start worker process 36
2024/07/18 12:34:44 [notice] 1#1: start worker process 37
2024/07/18 12:34:44 [notice] 1#1: start worker process 38
2024/07/18 12:34:44 [notice] 1#1: start worker process 39
2024/07/18 12:34:51 [error] 28#28: *1 connect() failed (111: Connection refused) while connecting to upstream, client: 172.20.0.1, server: , request: "GET / HTTP/1.1", upstream: "fastcgi://172.20.0.3:8000", host: "localhost:3000"
2024/07/18 12:35:54 [notice] 1#1: signal 3 (SIGQUIT) received, shutting down
2024/07/18 12:35:54 [notice] 28#28: gracefully shutting down
2024/07/18 12:35:54 [notice] 29#29: gracefully shutting down
2024/07/18 12:35:54 [notice] 30#30: gracefully shutting down
2024/07/18 12:35:54 [notice] 31#31: gracefully shutting down
2024/07/18 12:35:54 [notice] 33#33: gracefully shutting down
2024/07/18 12:35:54 [notice] 32#32: gracefully shutting down
2024/07/18 12:35:54 [notice] 34#34: gracefully shutting down
2024/07/18 12:35:54 [notice] 35#35: gracefully shutting down
2024/07/18 12:35:54 [notice] 32#32: exiting
2024/07/18 12:35:54 [notice] 29#29: exiting
2024/07/18 12:35:54 [notice] 30#30: exiting
2024/07/18 12:35:54 [notice] 31#31: exiting
2024/07/18 12:35:54 [notice] 33#33: exiting
2024/07/18 12:35:54 [notice] 28#28: exiting
2024/07/18 12:35:54 [notice] 36#36: gracefully shutting down
2024/07/18 12:35:54 [notice] 34#34: exiting
2024/07/18 12:35:54 [notice] 35#35: exiting
2024/07/18 12:35:54 [notice] 36#36: exiting
2024/07/18 12:35:54 [notice] 32#32: exit
2024/07/18 12:35:54 [notice] 30#30: exit
2024/07/18 12:35:54 [notice] 29#29: exit
2024/07/18 12:35:54 [notice] 33#33: exit
2024/07/18 12:35:54 [notice] 31#31: exit
2024/07/18 12:35:54 [notice] 28#28: exit
2024/07/18 12:35:54 [notice] 34#34: exit
2024/07/18 12:35:54 [notice] 36#36: exit
2024/07/18 12:35:54 [notice] 35#35: exit
2024/07/18 12:35:54 [notice] 37#37: gracefully shutting down
2024/07/18 12:35:54 [notice] 38#38: gracefully shutting down
2024/07/18 12:35:54 [notice] 39#39: gracefully shutting down
2024/07/18 12:35:54 [notice] 37#37: exiting
2024/07/18 12:35:54 [notice] 38#38: exiting
2024/07/18 12:35:54 [notice] 39#39: exiting
2024/07/18 12:35:54 [notice] 37#37: exit
2024/07/18 12:35:54 [notice] 38#38: exit
2024/07/18 12:35:54 [notice] 39#39: exit
2024/07/18 12:35:54 [notice] 1#1: signal 17 (SIGCHLD) received from 32
2024/07/18 12:35:54 [notice] 1#1: worker process 32 exited with code 0
2024/07/18 12:35:54 [notice] 1#1: worker process 33 exited with code 0
2024/07/18 12:35:54 [notice] 1#1: worker process 35 exited with code 0
2024/07/18 12:35:54 [notice] 1#1: signal 29 (SIGIO) received
2024/07/18 12:35:54 [notice] 1#1: signal 17 (SIGCHLD) received from 34
2024/07/18 12:35:54 [notice] 1#1: worker process 34 exited with code 0
2024/07/18 12:35:54 [notice] 1#1: worker process 31 exited with code 0
2024/07/18 12:35:54 [notice] 1#1: signal 29 (SIGIO) received
2024/07/18 12:35:54 [notice] 1#1: signal 17 (SIGCHLD) received from 31
2024/07/18 12:35:54 [notice] 1#1: signal 17 (SIGCHLD) received from 38
2024/07/18 12:35:54 [notice] 1#1: worker process 38 exited with code 0
2024/07/18 12:35:54 [notice] 1#1: signal 29 (SIGIO) received
2024/07/18 12:35:54 [notice] 1#1: signal 17 (SIGCHLD) received from 39
2024/07/18 12:35:54 [notice] 1#1: worker process 36 exited with code 0
2024/07/18 12:35:54 [notice] 1#1: worker process 29 exited with code 0
2024/07/18 12:35:54 [notice] 1#1: worker process 39 exited with code 0
2024/07/18 12:35:54 [notice] 1#1: signal 29 (SIGIO) received
2024/07/18 12:35:54 [notice] 1#1: signal 17 (SIGCHLD) received from 36
2024/07/18 12:35:54 [notice] 1#1: signal 17 (SIGCHLD) received from 30
2024/07/18 12:35:54 [notice] 1#1: worker process 30 exited with code 0
2024/07/18 12:35:54 [notice] 1#1: signal 29 (SIGIO) received
2024/07/18 12:35:54 [notice] 1#1: signal 17 (SIGCHLD) received from 37
2024/07/18 12:35:54 [notice] 1#1: worker process 37 exited with code 0
2024/07/18 12:35:54 [notice] 1#1: signal 17 (SIGCHLD) received from 28
2024/07/18 12:35:54 [notice] 1#1: worker process 28 exited with code 0
2024/07/18 12:35:54 [notice] 1#1: exit
2024/07/18 12:35:55 [emerg] 1#1: host not found in upstream "php:8000" in /etc/nginx/conf.d/upstream.conf:2
2024/07/18 12:36:27 [notice] 1#1: using the "epoll" event method
2024/07/18 12:36:27 [notice] 1#1: nginx/1.27.0
2024/07/18 12:36:27 [notice] 1#1: built by gcc 12.2.0 (Debian 12.2.0-14) 
2024/07/18 12:36:27 [notice] 1#1: OS: Linux 6.9.8-200.fc40.x86_64
2024/07/18 12:36:27 [notice] 1#1: getrlimit(RLIMIT_NOFILE): 1073741816:1073741816
2024/07/18 12:36:27 [notice] 1#1: start worker processes
2024/07/18 12:36:27 [notice] 1#1: start worker process 28
2024/07/18 12:36:27 [notice] 1#1: start worker process 29
2024/07/18 12:36:27 [notice] 1#1: start worker process 30
2024/07/18 12:36:27 [notice] 1#1: start worker process 31
2024/07/18 12:36:27 [notice] 1#1: start worker process 32
2024/07/18 12:36:27 [notice] 1#1: start worker process 33
2024/07/18 12:36:27 [notice] 1#1: start worker process 34
2024/07/18 12:36:27 [notice] 1#1: start worker process 35
2024/07/18 12:36:27 [notice] 1#1: start worker process 36
2024/07/18 12:36:27 [notice] 1#1: start worker process 37
2024/07/18 12:36:27 [notice] 1#1: start worker process 38
2024/07/18 12:36:27 [notice] 1#1: start worker process 39
2024/07/18 12:36:30 [error] 29#29: *1 connect() failed (111: Connection refused) while connecting to upstream, client: 172.20.0.1, server: , request: "GET / HTTP/1.1", upstream: "fastcgi://172.20.0.3:8000", host: "localhost:3000"
2024/07/18 12:36:57 [notice] 1#1: signal 3 (SIGQUIT) received, shutting down
2024/07/18 12:36:57 [notice] 28#28: gracefully shutting down
2024/07/18 12:36:57 [notice] 29#29: gracefully shutting down
2024/07/18 12:36:57 [notice] 30#30: gracefully shutting down
2024/07/18 12:36:57 [notice] 32#32: gracefully shutting down
2024/07/18 12:36:57 [notice] 31#31: gracefully shutting down
2024/07/18 12:36:57 [notice] 33#33: gracefully shutting down
2024/07/18 12:36:57 [notice] 34#34: gracefully shutting down
2024/07/18 12:36:57 [notice] 30#30: exiting
2024/07/18 12:36:57 [notice] 35#35: gracefully shutting down
2024/07/18 12:36:57 [notice] 32#32: exiting
2024/07/18 12:36:57 [notice] 31#31: exiting
2024/07/18 12:36:57 [notice] 38#38: gracefully shutting down
2024/07/18 12:36:57 [notice] 33#33: exiting
2024/07/18 12:36:57 [notice] 34#34: exiting
2024/07/18 12:36:57 [notice] 35#35: exiting
2024/07/18 12:36:57 [notice] 29#29: exiting
2024/07/18 12:36:57 [notice] 38#38: exiting
2024/07/18 12:36:57 [notice] 31#31: exit
2024/07/18 12:36:57 [notice] 30#30: exit
2024/07/18 12:36:57 [notice] 32#32: exit
2024/07/18 12:36:57 [notice] 33#33: exit
2024/07/18 12:36:57 [notice] 34#34: exit
2024/07/18 12:36:57 [notice] 29#29: exit
2024/07/18 12:36:57 [notice] 35#35: exit
2024/07/18 12:36:57 [notice] 38#38: exit
2024/07/18 12:36:57 [notice] 36#36: gracefully shutting down
2024/07/18 12:36:57 [notice] 37#37: gracefully shutting down
2024/07/18 12:36:57 [notice] 39#39: gracefully shutting down
2024/07/18 12:36:57 [notice] 36#36: exiting
2024/07/18 12:36:57 [notice] 37#37: exiting
2024/07/18 12:36:57 [notice] 39#39: exiting
2024/07/18 12:36:57 [notice] 36#36: exit
2024/07/18 12:36:57 [notice] 37#37: exit
2024/07/18 12:36:57 [notice] 39#39: exit
2024/07/18 12:36:57 [notice] 1#1: signal 17 (SIGCHLD) received from 34
2024/07/18 12:36:57 [notice] 1#1: worker process 34 exited with code 0
2024/07/18 12:36:57 [notice] 1#1: signal 29 (SIGIO) received
2024/07/18 12:36:57 [notice] 1#1: signal 17 (SIGCHLD) received from 33
2024/07/18 12:36:57 [notice] 1#1: worker process 33 exited with code 0
2024/07/18 12:36:57 [notice] 1#1: signal 29 (SIGIO) received
2024/07/18 12:36:57 [notice] 1#1: signal 17 (SIGCHLD) received from 39
2024/07/18 12:36:57 [notice] 1#1: worker process 31 exited with code 0
2024/07/18 12:36:57 [notice] 1#1: worker process 32 exited with code 0
2024/07/18 12:36:57 [notice] 1#1: worker process 38 exited with code 0
2024/07/18 12:36:57 [notice] 1#1: worker process 39 exited with code 0
2024/07/18 12:36:57 [notice] 1#1: signal 29 (SIGIO) received
2024/07/18 12:36:57 [notice] 1#1: signal 17 (SIGCHLD) received from 32
2024/07/18 12:36:57 [notice] 1#1: signal 17 (SIGCHLD) received from 30
2024/07/18 12:36:57 [notice] 1#1: worker process 30 exited with code 0
2024/07/18 12:36:57 [notice] 1#1: signal 29 (SIGIO) received
2024/07/18 12:36:57 [notice] 1#1: signal 17 (SIGCHLD) received from 37
2024/07/18 12:36:57 [notice] 1#1: worker process 37 exited with code 0
2024/07/18 12:36:57 [notice] 1#1: signal 29 (SIGIO) received
2024/07/18 12:36:57 [notice] 1#1: signal 17 (SIGCHLD) received from 35
2024/07/18 12:36:57 [notice] 1#1: worker process 35 exited with code 0
2024/07/18 12:36:57 [notice] 1#1: signal 17 (SIGCHLD) received from 36
2024/07/18 12:36:57 [notice] 1#1: worker process 36 exited with code 0
2024/07/18 12:36:57 [notice] 1#1: signal 29 (SIGIO) received
2024/07/18 12:36:57 [notice] 1#1: signal 29 (SIGIO) received
2024/07/18 12:36:57 [notice] 1#1: signal 17 (SIGCHLD) received from 29
2024/07/18 12:36:57 [notice] 1#1: worker process 29 exited with code 0
2024/07/18 12:36:57 [notice] 1#1: signal 29 (SIGIO) received
2024/07/18 12:37:04 [notice] 1#1: signal 3 (SIGQUIT) received, shutting down
2024/07/18 12:37:08 [notice] 1#1: using the "epoll" event method
2024/07/18 12:37:08 [notice] 1#1: nginx/1.27.0
2024/07/18 12:37:08 [notice] 1#1: built by gcc 12.2.0 (Debian 12.2.0-14) 
2024/07/18 12:37:08 [notice] 1#1: OS: Linux 6.9.8-200.fc40.x86_64
2024/07/18 12:37:08 [notice] 1#1: getrlimit(RLIMIT_NOFILE): 1073741816:1073741816
2024/07/18 12:37:08 [notice] 1#1: start worker processes
2024/07/18 12:37:08 [notice] 1#1: start worker process 28
2024/07/18 12:37:08 [notice] 1#1: start worker process 29
2024/07/18 12:37:08 [notice] 1#1: start worker process 30
2024/07/18 12:37:08 [notice] 1#1: start worker process 31
2024/07/18 12:37:08 [notice] 1#1: start worker process 32
2024/07/18 12:37:08 [notice] 1#1: start worker process 33
2024/07/18 12:37:08 [notice] 1#1: start worker process 34
2024/07/18 12:37:08 [notice] 1#1: start worker process 35
2024/07/18 12:37:08 [notice] 1#1: start worker process 36
2024/07/18 12:37:08 [notice] 1#1: start worker process 37
2024/07/18 12:37:08 [notice] 1#1: start worker process 38
2024/07/18 12:37:08 [notice] 1#1: start worker process 39
2024/07/18 12:37:36 [notice] 1#1: signal 3 (SIGQUIT) received, shutting down
2024/07/18 12:37:36 [notice] 28#28: gracefully shutting down
2024/07/18 12:37:36 [notice] 29#29: gracefully shutting down
2024/07/18 12:37:36 [notice] 30#30: gracefully shutting down
2024/07/18 12:37:36 [notice] 31#31: gracefully shutting down
2024/07/18 12:37:36 [notice] 32#32: gracefully shutting down
2024/07/18 12:37:36 [notice] 33#33: gracefully shutting down
2024/07/18 12:37:36 [notice] 28#28: exiting
2024/07/18 12:37:36 [notice] 29#29: exiting
2024/07/18 12:37:36 [notice] 35#35: gracefully shutting down
2024/07/18 12:37:36 [notice] 30#30: exiting
2024/07/18 12:37:36 [notice] 31#31: exiting
2024/07/18 12:37:36 [notice] 32#32: exiting
2024/07/18 12:37:36 [notice] 33#33: exiting
2024/07/18 12:37:36 [notice] 34#34: gracefully shutting down
2024/07/18 12:37:36 [notice] 35#35: exiting
2024/07/18 12:37:36 [notice] 28#28: exit
2024/07/18 12:37:36 [notice] 34#34: exiting
2024/07/18 12:37:36 [notice] 39#39: gracefully shutting down
2024/07/18 12:37:36 [notice] 29#29: exit
2024/07/18 12:37:36 [notice] 39#39: exiting
2024/07/18 12:37:36 [notice] 31#31: exit
2024/07/18 12:37:36 [notice] 34#34: exit
2024/07/18 12:37:36 [notice] 39#39: exit
2024/07/18 12:37:36 [notice] 30#30: exit
2024/07/18 12:37:36 [notice] 33#33: exit
2024/07/18 12:37:36 [notice] 32#32: exit
2024/07/18 12:37:36 [notice] 36#36: gracefully shutting down
2024/07/18 12:37:36 [notice] 36#36: exiting
2024/07/18 12:37:36 [notice] 36#36: exit
2024/07/18 12:37:36 [notice] 37#37: gracefully shutting down
2024/07/18 12:37:36 [notice] 38#38: gracefully shutting down
2024/07/18 12:37:36 [notice] 37#37: exiting
2024/07/18 12:37:36 [notice] 38#38: exiting
2024/07/18 12:37:36 [notice] 37#37: exit
2024/07/18 12:37:36 [notice] 38#38: exit
2024/07/18 12:37:36 [notice] 35#35: exit
2024/07/18 12:37:36 [notice] 1#1: signal 17 (SIGCHLD) received from 32
2024/07/18 12:37:36 [notice] 1#1: worker process 28 exited with code 0
2024/07/18 12:37:36 [notice] 1#1: worker process 32 exited with code 0
2024/07/18 12:37:36 [notice] 1#1: worker process 33 exited with code 0
2024/07/18 12:37:36 [notice] 1#1: worker process 34 exited with code 0
2024/07/18 12:37:36 [notice] 1#1: worker process 37 exited with code 0
2024/07/18 12:37:36 [notice] 1#1: worker process 38 exited with code 0
2024/07/18 12:37:36 [notice] 1#1: signal 29 (SIGIO) received
2024/07/18 12:37:36 [notice] 1#1: signal 17 (SIGCHLD) received from 28
2024/07/18 12:37:36 [notice] 1#1: signal 17 (SIGCHLD) received from 39
2024/07/18 12:37:36 [notice] 1#1: worker process 29 exited with code 0
2024/07/18 12:37:36 [notice] 1#1: worker process 31 exited with code 0
2024/07/18 12:37:36 [notice] 1#1: worker process 39 exited with code 0
2024/07/18 12:37:36 [notice] 1#1: signal 29 (SIGIO) received
2024/07/18 12:37:36 [notice] 1#1: signal 17 (SIGCHLD) received from 31
2024/07/18 12:37:36 [notice] 1#1: signal 17 (SIGCHLD) received from 36
2024/07/18 12:37:36 [notice] 1#1: worker process 36 exited with code 0
2024/07/18 12:37:36 [notice] 1#1: signal 29 (SIGIO) received
2024/07/18 12:37:36 [notice] 1#1: signal 17 (SIGCHLD) received from 30
2024/07/18 12:37:36 [notice] 1#1: worker process 30 exited with code 0
2024/07/18 12:37:36 [notice] 1#1: worker process 35 exited with code 0
2024/07/18 12:37:36 [notice] 1#1: exit
2024/07/18 12:37:38 [notice] 1#1: using the "epoll" event method
2024/07/18 12:37:38 [notice] 1#1: nginx/1.27.0
2024/07/18 12:37:38 [notice] 1#1: built by gcc 12.2.0 (Debian 12.2.0-14) 
2024/07/18 12:37:38 [notice] 1#1: OS: Linux 6.9.8-200.fc40.x86_64
2024/07/18 12:37:38 [notice] 1#1: getrlimit(RLIMIT_NOFILE): 1073741816:1073741816
2024/07/18 12:37:38 [notice] 1#1: start worker processes
2024/07/18 12:37:38 [notice] 1#1: start worker process 28
2024/07/18 12:37:38 [notice] 1#1: start worker process 29
2024/07/18 12:37:38 [notice] 1#1: start worker process 30
2024/07/18 12:37:38 [notice] 1#1: start worker process 31
2024/07/18 12:37:38 [notice] 1#1: start worker process 32
2024/07/18 12:37:38 [notice] 1#1: start worker process 33
2024/07/18 12:37:38 [notice] 1#1: start worker process 34
2024/07/18 12:37:38 [notice] 1#1: start worker process 35
2024/07/18 12:37:38 [notice] 1#1: start worker process 36
2024/07/18 12:37:38 [notice] 1#1: start worker process 37
2024/07/18 12:37:38 [notice] 1#1: start worker process 38
2024/07/18 12:37:38 [notice] 1#1: start worker process 39
2024/07/24 05:54:16 [notice] 1#1: using the "epoll" event method
2024/07/24 05:54:16 [notice] 1#1: nginx/1.27.0
2024/07/24 05:54:16 [notice] 1#1: built by gcc 12.2.0 (Debian 12.2.0-14) 
2024/07/24 05:54:16 [notice] 1#1: OS: Linux 6.9.9-200.fc40.x86_64
2024/07/24 05:54:16 [notice] 1#1: getrlimit(RLIMIT_NOFILE): 1073741816:1073741816
2024/07/24 05:54:16 [notice] 1#1: start worker processes
2024/07/24 05:54:16 [notice] 1#1: start worker process 28
2024/07/24 05:54:16 [notice] 1#1: start worker process 29
2024/07/24 05:54:16 [notice] 1#1: start worker process 30
2024/07/24 05:54:16 [notice] 1#1: start worker process 31
2024/07/24 05:54:16 [notice] 1#1: start worker process 32
2024/07/24 05:54:16 [notice] 1#1: start worker process 33
2024/07/24 05:54:16 [notice] 1#1: start worker process 34
2024/07/24 05:54:16 [notice] 1#1: start worker process 35
2024/07/24 05:54:16 [notice] 1#1: start worker process 36
2024/07/24 05:54:16 [notice] 1#1: start worker process 37
2024/07/24 05:54:16 [notice] 1#1: start worker process 38
2024/07/24 05:54:16 [notice] 1#1: start worker process 39
2024/07/24 09:54:15 [error] 34#34: *13 directory index of "/var/www/" is forbidden, client: 172.19.0.1, server: , request: "GET / HTTP/1.1", host: "localhost:3000"
2024/07/24 09:54:16 [error] 34#34: *13 directory index of "/var/www/" is forbidden, client: 172.19.0.1, server: , request: "GET / HTTP/1.1", host: "localhost:3000"
2024/07/24 09:54:16 [error] 34#34: *13 directory index of "/var/www/" is forbidden, client: 172.19.0.1, server: , request: "GET / HTTP/1.1", host: "localhost:3000"
2024/07/24 09:54:17 [error] 34#34: *13 directory index of "/var/www/" is forbidden, client: 172.19.0.1, server: , request: "GET / HTTP/1.1", host: "localhost:3000"
2024/07/24 09:54:17 [error] 34#34: *13 directory index of "/var/www/" is forbidden, client: 172.19.0.1, server: , request: "GET / HTTP/1.1", host: "localhost:3000"
2024/07/24 09:54:17 [error] 34#34: *13 directory index of "/var/www/" is forbidden, client: 172.19.0.1, server: , request: "GET / HTTP/1.1", host: "localhost:3000"
2024/07/24 09:54:17 [error] 34#34: *13 directory index of "/var/www/" is forbidden, client: 172.19.0.1, server: , request: "GET / HTTP/1.1", host: "localhost:3000"
2024/07/24 09:54:17 [error] 34#34: *13 directory index of "/var/www/" is forbidden, client: 172.19.0.1, server: , request: "GET / HTTP/1.1", host: "localhost:3000"
2024/07/24 09:54:17 [error] 34#34: *13 directory index of "/var/www/" is forbidden, client: 172.19.0.1, server: , request: "GET / HTTP/1.1", host: "localhost:3000"
2024/07/24 09:54:17 [error] 34#34: *13 directory index of "/var/www/" is forbidden, client: 172.19.0.1, server: , request: "GET / HTTP/1.1", host: "localhost:3000"
2024/07/24 09:54:58 [error] 34#34: *13 directory index of "/var/www/" is forbidden, client: 172.19.0.1, server: , request: "GET / HTTP/1.1", host: "localhost:3000"
2024/07/24 09:55:00 [error] 34#34: *13 directory index of "/var/www/" is forbidden, client: 172.19.0.1, server: , request: "GET / HTTP/1.1", host: "localhost:3000"
2024/07/24 09:55:00 [error] 34#34: *13 directory index of "/var/www/" is forbidden, client: 172.19.0.1, server: , request: "GET / HTTP/1.1", host: "localhost:3000"
2024/07/24 09:55:00 [error] 34#34: *13 directory index of "/var/www/" is forbidden, client: 172.19.0.1, server: , request: "GET / HTTP/1.1", host: "localhost:3000"
2024/07/24 09:55:00 [error] 34#34: *13 directory index of "/var/www/" is forbidden, client: 172.19.0.1, server: , request: "GET / HTTP/1.1", host: "localhost:3000"
2024/07/24 09:55:09 [error] 34#34: *13 directory index of "/var/www/" is forbidden, client: 172.19.0.1, server: , request: "GET / HTTP/1.1", host: "localhost:3000"
2024/07/24 09:55:17 [notice] 1#1: signal 3 (SIGQUIT) received, shutting down
2024/07/24 09:55:17 [notice] 28#28: gracefully shutting down
2024/07/24 09:55:17 [notice] 29#29: gracefully shutting down
2024/07/24 09:55:17 [notice] 30#30: gracefully shutting down
2024/07/24 09:55:17 [notice] 32#32: gracefully shutting down
2024/07/24 09:55:17 [notice] 34#34: gracefully shutting down
2024/07/24 09:55:17 [notice] 33#33: gracefully shutting down
2024/07/24 09:55:17 [notice] 31#31: gracefully shutting down
2024/07/24 09:55:17 [notice] 35#35: gracefully shutting down
2024/07/24 09:55:17 [notice] 36#36: gracefully shutting down
2024/07/24 09:55:17 [notice] 30#30: exiting
2024/07/24 09:55:17 [notice] 37#37: gracefully shutting down
2024/07/24 09:55:17 [notice] 31#31: exiting
2024/07/24 09:55:17 [notice] 39#39: gracefully shutting down
2024/07/24 09:55:17 [notice] 32#32: exiting
2024/07/24 09:55:17 [notice] 29#29: exiting
2024/07/24 09:55:17 [notice] 33#33: exiting
2024/07/24 09:55:17 [notice] 35#35: exiting
2024/07/24 09:55:17 [notice] 36#36: exiting
2024/07/24 09:55:17 [notice] 32#32: exit
2024/07/24 09:55:17 [notice] 29#29: exit
2024/07/24 09:55:17 [notice] 30#30: exit
2024/07/24 09:55:17 [notice] 33#33: exit
2024/07/24 09:55:17 [notice] 35#35: exit
2024/07/24 09:55:17 [notice] 37#37: exiting
2024/07/24 09:55:17 [notice] 36#36: exit
2024/07/24 09:55:17 [notice] 39#39: exiting
2024/07/24 09:55:17 [notice] 31#31: exit
2024/07/24 09:55:17 [notice] 37#37: exit
2024/07/24 09:55:17 [notice] 39#39: exit
2024/07/24 09:55:17 [notice] 38#38: gracefully shutting down
2024/07/24 09:55:17 [notice] 28#28: exiting
2024/07/24 09:55:17 [notice] 28#28: exit
2024/07/24 09:55:17 [notice] 34#34: exiting
2024/07/24 09:55:17 [notice] 38#38: exiting
2024/07/24 09:55:17 [notice] 34#34: exit
2024/07/24 09:55:17 [notice] 38#38: exit
2024/07/24 09:55:17 [notice] 1#1: signal 17 (SIGCHLD) received from 34
2024/07/24 09:55:17 [notice] 1#1: worker process 34 exited with code 0
2024/07/24 09:55:17 [notice] 1#1: signal 29 (SIGIO) received
2024/07/24 09:55:17 [notice] 1#1: signal 17 (SIGCHLD) received from 28
2024/07/24 09:55:17 [notice] 1#1: worker process 28 exited with code 0
2024/07/24 09:55:17 [notice] 1#1: worker process 31 exited with code 0
2024/07/24 09:55:17 [notice] 1#1: worker process 37 exited with code 0
2024/07/24 09:55:17 [notice] 1#1: worker process 38 exited with code 0
2024/07/24 09:55:17 [notice] 1#1: signal 29 (SIGIO) received
2024/07/24 09:55:17 [notice] 1#1: signal 17 (SIGCHLD) received from 31
2024/07/24 09:55:17 [notice] 1#1: worker process 33 exited with code 0
2024/07/24 09:55:17 [notice] 1#1: signal 29 (SIGIO) received
2024/07/24 09:55:17 [notice] 1#1: signal 17 (SIGCHLD) received from 33
2024/07/24 09:55:17 [notice] 1#1: signal 17 (SIGCHLD) received from 32
2024/07/24 09:55:17 [notice] 1#1: worker process 32 exited with code 0
2024/07/24 09:55:17 [notice] 1#1: worker process 39 exited with code 0
2024/07/24 09:55:17 [notice] 1#1: signal 29 (SIGIO) received
2024/07/24 09:55:17 [notice] 1#1: signal 17 (SIGCHLD) received from 39
2024/07/24 09:55:17 [notice] 1#1: worker process 30 exited with code 0
2024/07/24 09:55:17 [notice] 1#1: worker process 35 exited with code 0
2024/07/24 09:55:17 [notice] 1#1: signal 29 (SIGIO) received
2024/07/24 09:55:17 [notice] 1#1: signal 17 (SIGCHLD) received from 30
2024/07/24 09:55:17 [notice] 1#1: signal 17 (SIGCHLD) received from 36
2024/07/24 09:55:17 [notice] 1#1: worker process 36 exited with code 0
2024/07/24 09:55:17 [notice] 1#1: signal 29 (SIGIO) received
2024/07/24 09:55:17 [notice] 1#1: signal 17 (SIGCHLD) received from 29
2024/07/24 09:55:17 [notice] 1#1: worker process 29 exited with code 0
2024/07/24 09:55:17 [notice] 1#1: exit
2024/07/24 09:55:40 [notice] 1#1: using the "epoll" event method
2024/07/24 09:55:40 [notice] 1#1: nginx/1.27.0
2024/07/24 09:55:40 [notice] 1#1: built by gcc 12.2.0 (Debian 12.2.0-14) 
2024/07/24 09:55:40 [notice] 1#1: OS: Linux 6.9.9-200.fc40.x86_64
2024/07/24 09:55:40 [notice] 1#1: getrlimit(RLIMIT_NOFILE): 1073741816:1073741816
2024/07/24 09:55:40 [notice] 1#1: start worker processes
2024/07/24 09:55:40 [notice] 1#1: start worker process 28
2024/07/24 09:55:40 [notice] 1#1: start worker process 29
2024/07/24 09:55:40 [notice] 1#1: start worker process 30
2024/07/24 09:55:40 [notice] 1#1: start worker process 31
2024/07/24 09:55:40 [notice] 1#1: start worker process 32
2024/07/24 09:55:40 [notice] 1#1: start worker process 33
2024/07/24 09:55:40 [notice] 1#1: start worker process 34
2024/07/24 09:55:40 [notice] 1#1: start worker process 35
2024/07/24 09:55:40 [notice] 1#1: start worker process 36
2024/07/24 09:55:40 [notice] 1#1: start worker process 37
2024/07/24 09:55:40 [notice] 1#1: start worker process 38
2024/07/24 09:55:40 [notice] 1#1: start worker process 39
2024/07/24 09:56:38 [notice] 1#1: signal 3 (SIGQUIT) received, shutting down
2024/07/24 09:56:38 [notice] 28#28: gracefully shutting down
2024/07/24 09:56:38 [notice] 29#29: gracefully shutting down
2024/07/24 09:56:38 [notice] 31#31: gracefully shutting down
2024/07/24 09:56:38 [notice] 33#33: gracefully shutting down
2024/07/24 09:56:38 [notice] 32#32: gracefully shutting down
2024/07/24 09:56:38 [notice] 36#36: gracefully shutting down
2024/07/24 09:56:38 [notice] 28#28: exiting
2024/07/24 09:56:38 [notice] 39#39: gracefully shutting down
2024/07/24 09:56:38 [notice] 32#32: exiting
2024/07/24 09:56:38 [notice] 39#39: exiting
2024/07/24 09:56:38 [notice] 29#29: exiting
2024/07/24 09:56:38 [notice] 33#33: exiting
2024/07/24 09:56:38 [notice] 35#35: gracefully shutting down
2024/07/24 09:56:38 [notice] 32#32: exit
2024/07/24 09:56:38 [notice] 33#33: exit
2024/07/24 09:56:38 [notice] 29#29: exit
2024/07/24 09:56:38 [notice] 31#31: exiting
2024/07/24 09:56:38 [notice] 30#30: gracefully shutting down
2024/07/24 09:56:38 [notice] 34#34: gracefully shutting down
2024/07/24 09:56:38 [notice] 36#36: exiting
2024/07/24 09:56:38 [notice] 38#38: gracefully shutting down
2024/07/24 09:56:38 [notice] 31#31: exit
2024/07/24 09:56:38 [notice] 37#37: gracefully shutting down
2024/07/24 09:56:38 [notice] 38#38: exiting
2024/07/24 09:56:38 [notice] 38#38: exit
2024/07/24 09:56:38 [notice] 37#37: exiting
2024/07/24 09:56:38 [notice] 35#35: exiting
2024/07/24 09:56:38 [notice] 34#34: exiting
2024/07/24 09:56:38 [notice] 30#30: exiting
2024/07/24 09:56:38 [notice] 37#37: exit
2024/07/24 09:56:38 [notice] 35#35: exit
2024/07/24 09:56:38 [notice] 34#34: exit
2024/07/24 09:56:38 [notice] 30#30: exit
2024/07/24 09:56:38 [notice] 39#39: exit
2024/07/24 09:56:38 [notice] 28#28: exit
2024/07/24 09:56:38 [notice] 36#36: exit
2024/07/24 09:56:38 [notice] 1#1: signal 17 (SIGCHLD) received from 31
2024/07/24 09:56:38 [notice] 1#1: worker process 31 exited with code 0
2024/07/24 09:56:38 [notice] 1#1: worker process 38 exited with code 0
2024/07/24 09:56:38 [notice] 1#1: signal 29 (SIGIO) received
2024/07/24 09:56:38 [notice] 1#1: signal 17 (SIGCHLD) received from 38
2024/07/24 09:56:38 [notice] 1#1: worker process 37 exited with code 0
2024/07/24 09:56:38 [notice] 1#1: worker process 32 exited with code 0
2024/07/24 09:56:38 [notice] 1#1: worker process 39 exited with code 0
2024/07/24 09:56:38 [notice] 1#1: signal 29 (SIGIO) received
2024/07/24 09:56:38 [notice] 1#1: signal 17 (SIGCHLD) received from 32
2024/07/24 09:56:38 [notice] 1#1: worker process 34 exited with code 0
2024/07/24 09:56:38 [notice] 1#1: signal 29 (SIGIO) received
2024/07/24 09:56:38 [notice] 1#1: signal 17 (SIGCHLD) received from 34
2024/07/24 09:56:38 [notice] 1#1: signal 17 (SIGCHLD) received from 29
2024/07/24 09:56:38 [notice] 1#1: worker process 29 exited with code 0
2024/07/24 09:56:38 [notice] 1#1: worker process 36 exited with code 0
2024/07/24 09:56:38 [notice] 1#1: signal 29 (SIGIO) received
2024/07/24 09:56:38 [notice] 1#1: signal 17 (SIGCHLD) received from 36
2024/07/24 09:56:38 [notice] 1#1: worker process 35 exited with code 0
2024/07/24 09:56:38 [notice] 1#1: signal 29 (SIGIO) received
2024/07/24 09:56:38 [notice] 1#1: signal 17 (SIGCHLD) received from 35
2024/07/24 09:56:38 [notice] 1#1: signal 17 (SIGCHLD) received from 28
2024/07/24 09:56:38 [notice] 1#1: worker process 28 exited with code 0
2024/07/24 09:56:38 [notice] 1#1: signal 29 (SIGIO) received
2024/07/24 09:56:38 [notice] 1#1: signal 17 (SIGCHLD) received from 33
2024/07/24 09:56:38 [notice] 1#1: worker process 33 exited with code 0
2024/07/24 09:56:38 [notice] 1#1: signal 29 (SIGIO) received
2024/07/24 09:56:38 [notice] 1#1: signal 17 (SIGCHLD) received from 30
2024/07/24 09:56:38 [notice] 1#1: worker process 30 exited with code 0
2024/07/24 09:56:38 [notice] 1#1: exit
2024/07/24 09:57:08 [notice] 1#1: using the "epoll" event method
2024/07/24 09:57:08 [notice] 1#1: nginx/1.27.0
2024/07/24 09:57:08 [notice] 1#1: built by gcc 12.2.0 (Debian 12.2.0-14) 
2024/07/24 09:57:08 [notice] 1#1: OS: Linux 6.9.9-200.fc40.x86_64
2024/07/24 09:57:08 [notice] 1#1: getrlimit(RLIMIT_NOFILE): 1073741816:1073741816
2024/07/24 09:57:08 [notice] 1#1: start worker processes
2024/07/24 09:57:08 [notice] 1#1: start worker process 28
2024/07/24 09:57:08 [notice] 1#1: start worker process 29
2024/07/24 09:57:08 [notice] 1#1: start worker process 30
2024/07/24 09:57:08 [notice] 1#1: start worker process 31
2024/07/24 09:57:08 [notice] 1#1: start worker process 32
2024/07/24 09:57:08 [notice] 1#1: start worker process 33
2024/07/24 09:57:08 [notice] 1#1: start worker process 34
2024/07/24 09:57:08 [notice] 1#1: start worker process 35
2024/07/24 09:57:08 [notice] 1#1: start worker process 36
2024/07/24 09:57:08 [notice] 1#1: start worker process 37
2024/07/24 09:57:08 [notice] 1#1: start worker process 38
2024/07/24 09:57:08 [notice] 1#1: start worker process 39
2024/07/24 10:01:22 [notice] 1#1: signal 3 (SIGQUIT) received, shutting down
2024/07/24 10:01:22 [notice] 30#30: gracefully shutting down
2024/07/24 10:01:22 [notice] 29#29: gracefully shutting down
2024/07/24 10:01:22 [notice] 33#33: gracefully shutting down
2024/07/24 10:01:22 [notice] 38#38: gracefully shutting down
2024/07/24 10:01:22 [notice] 37#37: gracefully shutting down
2024/07/24 10:01:22 [notice] 34#34: gracefully shutting down
2024/07/24 10:01:22 [notice] 35#35: gracefully shutting down
2024/07/24 10:01:22 [notice] 31#31: gracefully shutting down
2024/07/24 10:01:22 [notice] 39#39: gracefully shutting down
2024/07/24 10:01:22 [notice] 28#28: gracefully shutting down
2024/07/24 10:01:22 [notice] 29#29: exiting
2024/07/24 10:01:22 [notice] 30#30: exiting
2024/07/24 10:01:22 [notice] 34#34: exiting
2024/07/24 10:01:22 [notice] 35#35: exiting
2024/07/24 10:01:22 [notice] 38#38: exiting
2024/07/24 10:01:22 [notice] 37#37: exiting
2024/07/24 10:01:22 [notice] 31#31: exiting
2024/07/24 10:01:22 [notice] 39#39: exiting
2024/07/24 10:01:22 [notice] 28#28: exiting
2024/07/24 10:01:22 [notice] 29#29: exit
2024/07/24 10:01:22 [notice] 34#34: exit
2024/07/24 10:01:22 [notice] 35#35: exit
2024/07/24 10:01:22 [notice] 38#38: exit
2024/07/24 10:01:22 [notice] 37#37: exit
2024/07/24 10:01:22 [notice] 31#31: exit
2024/07/24 10:01:22 [notice] 36#36: gracefully shutting down
2024/07/24 10:01:22 [notice] 39#39: exit
2024/07/24 10:01:22 [notice] 30#30: exit
2024/07/24 10:01:22 [notice] 28#28: exit
2024/07/24 10:01:22 [notice] 33#33: exiting
2024/07/24 10:01:22 [notice] 32#32: gracefully shutting down
2024/07/24 10:01:22 [notice] 33#33: exit
2024/07/24 10:01:22 [notice] 36#36: exiting
2024/07/24 10:01:22 [notice] 32#32: exiting
2024/07/24 10:01:22 [notice] 36#36: exit
2024/07/24 10:01:22 [notice] 32#32: exit
2024/07/24 10:01:22 [notice] 1#1: signal 17 (SIGCHLD) received from 31
2024/07/24 10:01:22 [notice] 1#1: worker process 31 exited with code 0
2024/07/24 10:01:22 [notice] 1#1: signal 29 (SIGIO) received
2024/07/24 10:01:22 [notice] 1#1: signal 17 (SIGCHLD) received from 32
2024/07/24 10:01:22 [notice] 1#1: worker process 32 exited with code 0
2024/07/24 10:01:22 [notice] 1#1: signal 29 (SIGIO) received
2024/07/24 10:01:22 [notice] 1#1: signal 17 (SIGCHLD) received from 34
2024/07/24 10:01:22 [notice] 1#1: worker process 34 exited with code 0
2024/07/24 10:01:22 [notice] 1#1: signal 29 (SIGIO) received
2024/07/24 10:01:22 [notice] 1#1: signal 17 (SIGCHLD) received from 36
2024/07/24 10:01:22 [notice] 1#1: worker process 36 exited with code 0
2024/07/24 10:01:22 [notice] 1#1: signal 29 (SIGIO) received
2024/07/24 10:01:22 [notice] 1#1: signal 17 (SIGCHLD) received from 33
2024/07/24 10:01:22 [notice] 1#1: worker process 33 exited with code 0
2024/07/24 10:01:22 [notice] 1#1: signal 29 (SIGIO) received
2024/07/24 10:01:22 [notice] 1#1: signal 17 (SIGCHLD) received from 28
2024/07/24 10:01:22 [notice] 1#1: worker process 28 exited with code 0
2024/07/24 10:01:22 [notice] 1#1: signal 29 (SIGIO) received
2024/07/24 10:01:22 [notice] 1#1: signal 17 (SIGCHLD) received from 35
2024/07/24 10:01:22 [notice] 1#1: worker process 35 exited with code 0
2024/07/24 10:01:22 [notice] 1#1: worker process 39 exited with code 0
2024/07/24 10:01:22 [notice] 1#1: signal 29 (SIGIO) received
2024/07/24 10:01:22 [notice] 1#1: signal 17 (SIGCHLD) received from 39
2024/07/24 10:01:22 [notice] 1#1: worker process 38 exited with code 0
2024/07/24 10:01:22 [notice] 1#1: signal 29 (SIGIO) received
2024/07/24 10:01:22 [notice] 1#1: signal 17 (SIGCHLD) received from 30
2024/07/24 10:01:22 [notice] 1#1: worker process 30 exited with code 0
2024/07/24 10:01:22 [notice] 1#1: signal 29 (SIGIO) received
2024/07/24 10:01:22 [notice] 1#1: signal 17 (SIGCHLD) received from 37
2024/07/24 10:01:22 [notice] 1#1: worker process 37 exited with code 0
2024/07/24 10:01:22 [notice] 1#1: signal 29 (SIGIO) received
2024/07/24 10:01:22 [notice] 1#1: signal 17 (SIGCHLD) received from 29
2024/07/24 10:01:22 [notice] 1#1: worker process 29 exited with code 0
2024/07/24 10:01:22 [notice] 1#1: exit
2024/07/24 10:01:38 [notice] 1#1: using the "epoll" event method
2024/07/24 10:01:38 [notice] 1#1: nginx/1.27.0
2024/07/24 10:01:38 [notice] 1#1: built by gcc 12.2.0 (Debian 12.2.0-14) 
2024/07/24 10:01:38 [notice] 1#1: OS: Linux 6.9.9-200.fc40.x86_64
2024/07/24 10:01:38 [notice] 1#1: getrlimit(RLIMIT_NOFILE): 1073741816:1073741816
2024/07/24 10:01:38 [notice] 1#1: start worker processes
2024/07/24 10:01:38 [notice] 1#1: start worker process 28
2024/07/24 10:01:38 [notice] 1#1: start worker process 29
2024/07/24 10:01:38 [notice] 1#1: start worker process 30
2024/07/24 10:01:38 [notice] 1#1: start worker process 31
2024/07/24 10:01:38 [notice] 1#1: start worker process 32
2024/07/24 10:01:38 [notice] 1#1: start worker process 33
2024/07/24 10:01:38 [notice] 1#1: start worker process 34
2024/07/24 10:01:38 [notice] 1#1: start worker process 35
2024/07/24 10:01:38 [notice] 1#1: start worker process 36
2024/07/24 10:01:38 [notice] 1#1: start worker process 37
2024/07/24 10:01:38 [notice] 1#1: start worker process 38
2024/07/24 10:01:38 [notice] 1#1: start worker process 39
2024/07/24 10:03:04 [notice] 1#1: signal 3 (SIGQUIT) received, shutting down
2024/07/24 10:03:04 [notice] 29#29: gracefully shutting down
2024/07/24 10:03:04 [notice] 28#28: gracefully shutting down
2024/07/24 10:03:04 [notice] 30#30: gracefully shutting down
2024/07/24 10:03:04 [notice] 36#36: gracefully shutting down
2024/07/24 10:03:04 [notice] 32#32: gracefully shutting down
2024/07/24 10:03:04 [notice] 28#28: exiting
2024/07/24 10:03:04 [notice] 30#30: exiting
2024/07/24 10:03:04 [notice] 36#36: exiting
2024/07/24 10:03:04 [notice] 32#32: exiting
2024/07/24 10:03:04 [notice] 37#37: gracefully shutting down
2024/07/24 10:03:04 [notice] 31#31: gracefully shutting down
2024/07/24 10:03:04 [notice] 33#33: gracefully shutting down
2024/07/24 10:03:04 [notice] 36#36: exit
2024/07/24 10:03:04 [notice] 31#31: exiting
2024/07/24 10:03:04 [notice] 32#32: exit
2024/07/24 10:03:04 [notice] 30#30: exit
2024/07/24 10:03:04 [notice] 33#33: exiting
2024/07/24 10:03:04 [notice] 31#31: exit
2024/07/24 10:03:04 [notice] 33#33: exit
2024/07/24 10:03:04 [notice] 34#34: gracefully shutting down
2024/07/24 10:03:04 [notice] 29#29: exiting
2024/07/24 10:03:04 [notice] 34#34: exiting
2024/07/24 10:03:04 [notice] 29#29: exit
2024/07/24 10:03:04 [notice] 37#37: exiting
2024/07/24 10:03:04 [notice] 34#34: exit
2024/07/24 10:03:04 [notice] 35#35: gracefully shutting down
2024/07/24 10:03:04 [notice] 37#37: exit
2024/07/24 10:03:04 [notice] 38#38: gracefully shutting down
2024/07/24 10:03:04 [notice] 35#35: exiting
2024/07/24 10:03:04 [notice] 39#39: gracefully shutting down
2024/07/24 10:03:04 [notice] 35#35: exit
2024/07/24 10:03:04 [notice] 38#38: exiting
2024/07/24 10:03:04 [notice] 28#28: exit
2024/07/24 10:03:04 [notice] 38#38: exit
2024/07/24 10:03:04 [notice] 39#39: exiting
2024/07/24 10:03:04 [notice] 39#39: exit
2024/07/24 10:03:04 [notice] 1#1: signal 17 (SIGCHLD) received from 30
2024/07/24 10:03:04 [notice] 1#1: worker process 30 exited with code 0
2024/07/24 10:03:04 [notice] 1#1: worker process 37 exited with code 0
2024/07/24 10:03:04 [notice] 1#1: signal 29 (SIGIO) received
2024/07/24 10:03:04 [notice] 1#1: signal 17 (SIGCHLD) received from 33
2024/07/24 10:03:04 [notice] 1#1: worker process 29 exited with code 0
2024/07/24 10:03:04 [notice] 1#1: worker process 31 exited with code 0
2024/07/24 10:03:04 [notice] 1#1: worker process 33 exited with code 0
2024/07/24 10:03:04 [notice] 1#1: worker process 38 exited with code 0
2024/07/24 10:03:04 [notice] 1#1: worker process 34 exited with code 0
2024/07/24 10:03:04 [notice] 1#1: signal 29 (SIGIO) received
2024/07/24 10:03:04 [notice] 1#1: signal 17 (SIGCHLD) received from 31
2024/07/24 10:03:04 [notice] 1#1: worker process 28 exited with code 0
2024/07/24 10:03:04 [notice] 1#1: worker process 35 exited with code 0
2024/07/24 10:03:04 [notice] 1#1: worker process 39 exited with code 0
2024/07/24 10:03:04 [notice] 1#1: signal 29 (SIGIO) received
2024/07/24 10:03:04 [notice] 1#1: signal 17 (SIGCHLD) received from 36
2024/07/24 10:03:04 [notice] 1#1: worker process 36 exited with code 0
2024/07/24 10:03:04 [notice] 1#1: signal 29 (SIGIO) received
2024/07/24 10:03:04 [notice] 1#1: signal 17 (SIGCHLD) received from 32
2024/07/24 10:03:04 [notice] 1#1: worker process 32 exited with code 0
2024/07/24 10:03:04 [notice] 1#1: exit
2024/07/24 10:03:40 [notice] 1#1: using the "epoll" event method
2024/07/24 10:03:40 [notice] 1#1: nginx/1.27.0
2024/07/24 10:03:40 [notice] 1#1: built by gcc 12.2.0 (Debian 12.2.0-14) 
2024/07/24 10:03:40 [notice] 1#1: OS: Linux 6.9.9-200.fc40.x86_64
2024/07/24 10:03:40 [notice] 1#1: getrlimit(RLIMIT_NOFILE): 1073741816:1073741816
2024/07/24 10:03:40 [notice] 1#1: start worker processes
2024/07/24 10:03:40 [notice] 1#1: start worker process 28
2024/07/24 10:03:40 [notice] 1#1: start worker process 29
2024/07/24 10:03:40 [notice] 1#1: start worker process 30
2024/07/24 10:03:40 [notice] 1#1: start worker process 31
2024/07/24 10:03:40 [notice] 1#1: start worker process 32
2024/07/24 10:03:40 [notice] 1#1: start worker process 33
2024/07/24 10:03:40 [notice] 1#1: start worker process 34
2024/07/24 10:03:40 [notice] 1#1: start worker process 35
2024/07/24 10:03:40 [notice] 1#1: start worker process 36
2024/07/24 10:03:40 [notice] 1#1: start worker process 37
2024/07/24 10:03:40 [notice] 1#1: start worker process 38
2024/07/24 10:03:40 [notice] 1#1: start worker process 39
2024/07/24 14:04:48 [notice] 1#1: signal 3 (SIGQUIT) received, shutting down
2024/07/24 14:04:48 [notice] 29#29: gracefully shutting down
2024/07/24 14:04:48 [notice] 28#28: gracefully shutting down
2024/07/24 14:04:48 [notice] 34#34: gracefully shutting down
2024/07/24 14:04:48 [notice] 33#33: gracefully shutting down
2024/07/24 14:04:48 [notice] 31#31: gracefully shutting down
2024/07/24 14:04:48 [notice] 28#28: exiting
2024/07/24 14:04:48 [notice] 34#34: exiting
2024/07/24 14:04:48 [notice] 29#29: exiting
2024/07/24 14:04:48 [notice] 31#31: exiting
2024/07/24 14:04:48 [notice] 33#33: exiting
2024/07/24 14:04:48 [notice] 30#30: gracefully shutting down
2024/07/24 14:04:48 [notice] 36#36: gracefully shutting down
2024/07/24 14:04:48 [notice] 32#32: gracefully shutting down
2024/07/24 14:04:48 [notice] 30#30: exiting
2024/07/24 14:04:48 [notice] 35#35: gracefully shutting down
2024/07/24 14:04:48 [notice] 36#36: exiting
2024/07/24 14:04:48 [notice] 37#37: gracefully shutting down
2024/07/24 14:04:48 [notice] 32#32: exiting
2024/07/24 14:04:48 [notice] 35#35: exiting
2024/07/24 14:04:48 [notice] 38#38: gracefully shutting down
2024/07/24 14:04:48 [notice] 39#39: gracefully shutting down
2024/07/24 14:04:48 [notice] 37#37: exiting
2024/07/24 14:04:48 [notice] 38#38: exiting
2024/07/24 14:04:48 [notice] 39#39: exiting
2024/07/24 14:04:48 [notice] 28#28: exit
2024/07/24 14:04:48 [notice] 33#33: exit
2024/07/24 14:04:48 [notice] 30#30: exit
2024/07/24 14:04:48 [notice] 35#35: exit
2024/07/24 14:04:48 [notice] 37#37: exit
2024/07/24 14:04:48 [notice] 29#29: exit
2024/07/24 14:04:48 [notice] 32#32: exit
2024/07/24 14:04:48 [notice] 39#39: exit
2024/07/24 14:04:48 [notice] 38#38: exit
2024/07/24 14:04:48 [notice] 31#31: exit
2024/07/24 14:04:48 [notice] 36#36: exit
2024/07/24 14:04:48 [notice] 34#34: exit
2024/07/24 14:04:48 [notice] 1#1: signal 17 (SIGCHLD) received from 34
2024/07/24 14:04:48 [notice] 1#1: worker process 34 exited with code 0
2024/07/24 14:04:48 [notice] 1#1: worker process 36 exited with code 0
2024/07/24 14:04:48 [notice] 1#1: signal 29 (SIGIO) received
2024/07/24 14:04:48 [notice] 1#1: signal 17 (SIGCHLD) received from 38
2024/07/24 14:04:48 [notice] 1#1: worker process 38 exited with code 0
2024/07/24 14:04:48 [notice] 1#1: worker process 32 exited with code 0
2024/07/24 14:04:48 [notice] 1#1: worker process 37 exited with code 0
2024/07/24 14:04:48 [notice] 1#1: signal 29 (SIGIO) received
2024/07/24 14:04:48 [notice] 1#1: signal 17 (SIGCHLD) received from 32
2024/07/24 14:04:48 [notice] 1#1: worker process 31 exited with code 0
2024/07/24 14:04:48 [notice] 1#1: signal 29 (SIGIO) received
2024/07/24 14:04:48 [notice] 1#1: signal 17 (SIGCHLD) received from 39
2024/07/24 14:04:48 [notice] 1#1: worker process 28 exited with code 0
2024/07/24 14:04:48 [notice] 1#1: worker process 29 exited with code 0
2024/07/24 14:04:48 [notice] 1#1: worker process 39 exited with code 0
2024/07/24 14:04:48 [notice] 1#1: signal 29 (SIGIO) received
2024/07/24 14:04:48 [notice] 1#1: signal 17 (SIGCHLD) received from 30
2024/07/24 14:04:48 [notice] 1#1: worker process 30 exited with code 0
2024/07/24 14:04:48 [notice] 1#1: worker process 33 exited with code 0
2024/07/24 14:04:48 [notice] 1#1: worker process 35 exited with code 0
2024/07/24 14:04:48 [notice] 1#1: exit
2024/07/25 05:09:41 [notice] 1#1: using the "epoll" event method
2024/07/25 05:09:41 [notice] 1#1: nginx/1.27.0
2024/07/25 05:09:41 [notice] 1#1: built by gcc 12.2.0 (Debian 12.2.0-14) 
2024/07/25 05:09:41 [notice] 1#1: OS: Linux 6.9.9-200.fc40.x86_64
2024/07/25 05:09:41 [notice] 1#1: getrlimit(RLIMIT_NOFILE): 1073741816:1073741816
2024/07/25 05:09:41 [notice] 1#1: start worker processes
2024/07/25 05:09:41 [notice] 1#1: start worker process 28
2024/07/25 05:09:41 [notice] 1#1: start worker process 29
2024/07/25 05:09:41 [notice] 1#1: start worker process 30
2024/07/25 05:09:41 [notice] 1#1: start worker process 31
2024/07/25 05:09:41 [notice] 1#1: start worker process 32
2024/07/25 05:09:41 [notice] 1#1: start worker process 33
2024/07/25 05:09:41 [notice] 1#1: start worker process 34
2024/07/25 05:09:41 [notice] 1#1: start worker process 35
2024/07/25 05:09:41 [notice] 1#1: start worker process 36
2024/07/25 05:09:41 [notice] 1#1: start worker process 37
2024/07/25 05:09:41 [notice] 1#1: start worker process 38
2024/07/25 05:09:41 [notice] 1#1: start worker process 39
2024/07/25 05:10:37 [error] 29#29: *2 directory index of "/var/www/" is forbidden, client: 172.19.0.1, server: , request: "GET / HTTP/1.1", host: "localhost:3000"
2024/07/25 05:38:51 [error] 31#31: *4 directory index of "/var/www/" is forbidden, client: 172.19.0.1, server: , request: "GET / HTTP/1.1", host: "localhost:3000"
2024/07/25 05:41:19 [error] 33#33: *6 directory index of "/var/www/" is forbidden, client: 172.19.0.1, server: , request: "GET / HTTP/1.1", host: "localhost:3000"
2024/07/25 05:43:12 [notice] 1#1: signal 3 (SIGQUIT) received, shutting down
2024/07/25 05:43:12 [notice] 31#31: gracefully shutting down
2024/07/25 05:43:12 [notice] 29#29: gracefully shutting down
2024/07/25 05:43:12 [notice] 33#33: gracefully shutting down
2024/07/25 05:43:12 [notice] 30#30: gracefully shutting down
2024/07/25 05:43:12 [notice] 32#32: gracefully shutting down
2024/07/25 05:43:12 [notice] 34#34: gracefully shutting down
2024/07/25 05:43:12 [notice] 28#28: gracefully shutting down
2024/07/25 05:43:12 [notice] 38#38: gracefully shutting down
2024/07/25 05:43:12 [notice] 35#35: gracefully shutting down
2024/07/25 05:43:12 [notice] 29#29: exiting
2024/07/25 05:43:12 [notice] 31#31: exiting
2024/07/25 05:43:12 [notice] 30#30: exiting
2024/07/25 05:43:12 [notice] 33#33: exiting
2024/07/25 05:43:12 [notice] 32#32: exiting
2024/07/25 05:43:12 [notice] 34#34: exiting
2024/07/25 05:43:12 [notice] 28#28: exiting
2024/07/25 05:43:12 [notice] 36#36: gracefully shutting down
2024/07/25 05:43:12 [notice] 29#29: exit
2024/07/25 05:43:12 [notice] 37#37: gracefully shutting down
2024/07/25 05:43:12 [notice] 32#32: exit
2024/07/25 05:43:12 [notice] 30#30: exit
2024/07/25 05:43:12 [notice] 34#34: exit
2024/07/25 05:43:12 [notice] 28#28: exit
2024/07/25 05:43:12 [notice] 38#38: exiting
2024/07/25 05:43:12 [notice] 35#35: exiting
2024/07/25 05:43:12 [notice] 38#38: exit
2024/07/25 05:43:12 [notice] 35#35: exit
2024/07/25 05:43:12 [notice] 36#36: exiting
2024/07/25 05:43:12 [notice] 37#37: exiting
2024/07/25 05:43:12 [notice] 36#36: exit
2024/07/25 05:43:12 [notice] 37#37: exit
2024/07/25 05:43:12 [notice] 33#33: exit
2024/07/25 05:43:12 [notice] 39#39: gracefully shutting down
2024/07/25 05:43:12 [notice] 31#31: exit
2024/07/25 05:43:12 [notice] 39#39: exiting
2024/07/25 05:43:12 [notice] 39#39: exit
2024/07/25 05:43:12 [notice] 1#1: signal 17 (SIGCHLD) received from 29
2024/07/25 05:43:12 [notice] 1#1: worker process 29 exited with code 0
2024/07/25 05:43:12 [notice] 1#1: signal 29 (SIGIO) received
2024/07/25 05:43:12 [notice] 1#1: signal 17 (SIGCHLD) received from 32
2024/07/25 05:43:12 [notice] 1#1: worker process 30 exited with code 0
2024/07/25 05:43:12 [notice] 1#1: worker process 32 exited with code 0
2024/07/25 05:43:12 [notice] 1#1: signal 29 (SIGIO) received
2024/07/25 05:43:12 [notice] 1#1: signal 17 (SIGCHLD) received from 30
2024/07/25 05:43:12 [notice] 1#1: signal 17 (SIGCHLD) received from 37
2024/07/25 05:43:12 [notice] 1#1: worker process 35 exited with code 0
2024/07/25 05:43:12 [notice] 1#1: worker process 37 exited with code 0
2024/07/25 05:43:12 [notice] 1#1: signal 29 (SIGIO) received
2024/07/25 05:43:12 [notice] 1#1: signal 17 (SIGCHLD) received from 35
2024/07/25 05:43:12 [notice] 1#1: signal 17 (SIGCHLD) received from 28
2024/07/25 05:43:12 [notice] 1#1: worker process 28 exited with code 0
2024/07/25 05:43:12 [notice] 1#1: signal 29 (SIGIO) received
2024/07/25 05:43:12 [notice] 1#1: signal 17 (SIGCHLD) received from 36
2024/07/25 05:43:12 [notice] 1#1: worker process 33 exited with code 0
2024/07/25 05:43:12 [notice] 1#1: worker process 36 exited with code 0
2024/07/25 05:43:12 [notice] 1#1: signal 29 (SIGIO) received
2024/07/25 05:43:12 [notice] 1#1: signal 17 (SIGCHLD) received from 33
2024/07/25 05:43:12 [notice] 1#1: signal 17 (SIGCHLD) received from 39
2024/07/25 05:43:12 [notice] 1#1: worker process 39 exited with code 0
2024/07/25 05:43:12 [notice] 1#1: signal 29 (SIGIO) received
2024/07/25 05:43:12 [notice] 1#1: signal 17 (SIGCHLD) received from 38
2024/07/25 05:43:12 [notice] 1#1: worker process 38 exited with code 0
2024/07/25 05:43:12 [notice] 1#1: signal 29 (SIGIO) received
2024/07/25 05:43:12 [notice] 1#1: signal 17 (SIGCHLD) received from 31
2024/07/25 05:43:12 [notice] 1#1: worker process 31 exited with code 0
2024/07/25 05:43:12 [notice] 1#1: worker process 34 exited with code 0
2024/07/25 05:43:12 [notice] 1#1: exit
2024/07/25 05:43:29 [notice] 1#1: using the "epoll" event method
2024/07/25 05:43:29 [notice] 1#1: nginx/1.27.0
2024/07/25 05:43:29 [notice] 1#1: built by gcc 12.2.0 (Debian 12.2.0-14) 
2024/07/25 05:43:29 [notice] 1#1: OS: Linux 6.9.9-200.fc40.x86_64
2024/07/25 05:43:29 [notice] 1#1: getrlimit(RLIMIT_NOFILE): 1073741816:1073741816
2024/07/25 05:43:29 [notice] 1#1: start worker processes
2024/07/25 05:43:29 [notice] 1#1: start worker process 28
2024/07/25 05:43:29 [notice] 1#1: start worker process 29
2024/07/25 05:43:29 [notice] 1#1: start worker process 30
2024/07/25 05:43:29 [notice] 1#1: start worker process 31
2024/07/25 05:43:29 [notice] 1#1: start worker process 32
2024/07/25 05:43:29 [notice] 1#1: start worker process 33
2024/07/25 05:43:29 [notice] 1#1: start worker process 34
2024/07/25 05:43:29 [notice] 1#1: start worker process 35
2024/07/25 05:43:29 [notice] 1#1: start worker process 36
2024/07/25 05:43:29 [notice] 1#1: start worker process 37
2024/07/25 05:43:29 [notice] 1#1: start worker process 38
2024/07/25 05:43:29 [notice] 1#1: start worker process 39
2024/07/25 05:53:33 [notice] 1#1: signal 3 (SIGQUIT) received, shutting down
2024/07/25 05:53:33 [notice] 32#32: gracefully shutting down
2024/07/25 05:53:33 [notice] 33#33: gracefully shutting down
2024/07/25 05:53:33 [notice] 35#35: gracefully shutting down
2024/07/25 05:53:33 [notice] 34#34: gracefully shutting down
2024/07/25 05:53:33 [notice] 31#31: gracefully shutting down
2024/07/25 05:53:33 [notice] 36#36: gracefully shutting down
2024/07/25 05:53:33 [notice] 28#28: gracefully shutting down
2024/07/25 05:53:33 [notice] 29#29: gracefully shutting down
2024/07/25 05:53:33 [notice] 38#38: gracefully shutting down
2024/07/25 05:53:33 [notice] 30#30: gracefully shutting down
2024/07/25 05:53:33 [notice] 33#33: exiting
2024/07/25 05:53:33 [notice] 34#34: exiting
2024/07/25 05:53:33 [notice] 31#31: exiting
2024/07/25 05:53:33 [notice] 32#32: exiting
2024/07/25 05:53:33 [notice] 35#35: exiting
2024/07/25 05:53:33 [notice] 33#33: exit
2024/07/25 05:53:33 [notice] 28#28: exiting
2024/07/25 05:53:33 [notice] 37#37: gracefully shutting down
2024/07/25 05:53:33 [notice] 38#38: exiting
2024/07/25 05:53:33 [notice] 32#32: exit
2024/07/25 05:53:33 [notice] 30#30: exiting
2024/07/25 05:53:33 [notice] 35#35: exit
2024/07/25 05:53:33 [notice] 34#34: exit
2024/07/25 05:53:33 [notice] 31#31: exit
2024/07/25 05:53:33 [notice] 29#29: exiting
2024/07/25 05:53:33 [notice] 38#38: exit
2024/07/25 05:53:33 [notice] 28#28: exit
2024/07/25 05:53:33 [notice] 30#30: exit
2024/07/25 05:53:33 [notice] 37#37: exiting
2024/07/25 05:53:33 [notice] 29#29: exit
2024/07/25 05:53:33 [notice] 39#39: gracefully shutting down
2024/07/25 05:53:33 [notice] 37#37: exit
2024/07/25 05:53:33 [notice] 39#39: exiting
2024/07/25 05:53:33 [notice] 36#36: exiting
2024/07/25 05:53:33 [notice] 39#39: exit
2024/07/25 05:53:33 [notice] 36#36: exit
2024/07/25 05:53:33 [notice] 1#1: signal 17 (SIGCHLD) received from 34
2024/07/25 05:53:33 [notice] 1#1: worker process 28 exited with code 0
2024/07/25 05:53:33 [notice] 1#1: worker process 34 exited with code 0
2024/07/25 05:53:33 [notice] 1#1: signal 29 (SIGIO) received
2024/07/25 05:53:33 [notice] 1#1: signal 17 (SIGCHLD) received from 28
2024/07/25 05:53:33 [notice] 1#1: signal 17 (SIGCHLD) received from 29
2024/07/25 05:53:33 [notice] 1#1: worker process 29 exited with code 0
2024/07/25 05:53:33 [notice] 1#1: worker process 36 exited with code 0
2024/07/25 05:53:33 [notice] 1#1: signal 29 (SIGIO) received
2024/07/25 05:53:33 [notice] 1#1: signal 17 (SIGCHLD) received from 36
2024/07/25 05:53:33 [notice] 1#1: worker process 30 exited with code 0
2024/07/25 05:53:33 [notice] 1#1: worker process 31 exited with code 0
2024/07/25 05:53:33 [notice] 1#1: signal 29 (SIGIO) received
2024/07/25 05:53:33 [notice] 1#1: signal 17 (SIGCHLD) received from 37
2024/07/25 05:53:33 [notice] 1#1: worker process 35 exited with code 0
2024/07/25 05:53:33 [notice] 1#1: worker process 37 exited with code 0
2024/07/25 05:53:33 [notice] 1#1: worker process 39 exited with code 0
2024/07/25 05:53:33 [notice] 1#1: signal 17 (SIGCHLD) received from 39
2024/07/25 05:53:33 [notice] 1#1: signal 29 (SIGIO) received
2024/07/25 05:53:33 [notice] 1#1: signal 17 (SIGCHLD) received from 32
2024/07/25 05:53:33 [notice] 1#1: worker process 32 exited with code 0
2024/07/25 05:53:33 [notice] 1#1: worker process 33 exited with code 0
2024/07/25 05:53:33 [notice] 1#1: signal 29 (SIGIO) received
2024/07/25 05:53:33 [notice] 1#1: signal 17 (SIGCHLD) received from 33
2024/07/25 05:53:33 [notice] 1#1: signal 17 (SIGCHLD) received from 38
2024/07/25 05:53:33 [notice] 1#1: worker process 38 exited with code 0
2024/07/25 05:53:33 [notice] 1#1: exit
2024/07/25 05:53:40 [notice] 1#1: using the "epoll" event method
2024/07/25 05:53:40 [notice] 1#1: nginx/1.27.0
2024/07/25 05:53:40 [notice] 1#1: built by gcc 12.2.0 (Debian 12.2.0-14) 
2024/07/25 05:53:40 [notice] 1#1: OS: Linux 6.9.9-200.fc40.x86_64
2024/07/25 05:53:40 [notice] 1#1: getrlimit(RLIMIT_NOFILE): 1073741816:1073741816
2024/07/25 05:53:40 [notice] 1#1: start worker processes
2024/07/25 05:53:40 [notice] 1#1: start worker process 28
2024/07/25 05:53:40 [notice] 1#1: start worker process 29
2024/07/25 05:53:40 [notice] 1#1: start worker process 30
2024/07/25 05:53:40 [notice] 1#1: start worker process 31
2024/07/25 05:53:40 [notice] 1#1: start worker process 32
2024/07/25 05:53:40 [notice] 1#1: start worker process 33
2024/07/25 05:53:40 [notice] 1#1: start worker process 34
2024/07/25 05:53:40 [notice] 1#1: start worker process 35
2024/07/25 05:53:40 [notice] 1#1: start worker process 36
2024/07/25 05:53:40 [notice] 1#1: start worker process 37
2024/07/25 05:53:40 [notice] 1#1: start worker process 38
2024/07/25 05:53:40 [notice] 1#1: start worker process 39
2024/07/25 05:53:44 [error] 28#28: *1 directory index of "/var/www/" is forbidden, client: 172.19.0.1, server: , request: "GET / HTTP/1.1", host: "localhost:3000"
2024/07/25 05:53:58 [error] 28#28: *1 directory index of "/var/www/" is forbidden, client: 172.19.0.1, server: , request: "GET / HTTP/1.1", host: "localhost:3000"
2024/07/25 05:54:01 [notice] 1#1: signal 3 (SIGQUIT) received, shutting down
2024/07/25 05:54:01 [notice] 28#28: gracefully shutting down
2024/07/25 05:54:01 [notice] 29#29: gracefully shutting down
2024/07/25 05:54:01 [notice] 30#30: gracefully shutting down
2024/07/25 05:54:01 [notice] 34#34: gracefully shutting down
2024/07/25 05:54:01 [notice] 30#30: exiting
2024/07/25 05:54:01 [notice] 31#31: gracefully shutting down
2024/07/25 05:54:01 [notice] 32#32: gracefully shutting down
2024/07/25 05:54:01 [notice] 28#28: exiting
2024/07/25 05:54:01 [notice] 33#33: gracefully shutting down
2024/07/25 05:54:01 [notice] 34#34: exiting
2024/07/25 05:54:01 [notice] 31#31: exiting
2024/07/25 05:54:01 [notice] 32#32: exiting
2024/07/25 05:54:01 [notice] 33#33: exiting
2024/07/25 05:54:01 [notice] 30#30: exit
2024/07/25 05:54:01 [notice] 35#35: gracefully shutting down
2024/07/25 05:54:01 [notice] 28#28: exit
2024/07/25 05:54:01 [notice] 35#35: exiting
2024/07/25 05:54:01 [notice] 34#34: exit
2024/07/25 05:54:01 [notice] 31#31: exit
2024/07/25 05:54:01 [notice] 32#32: exit
2024/07/25 05:54:01 [notice] 33#33: exit
2024/07/25 05:54:01 [notice] 36#36: gracefully shutting down
2024/07/25 05:54:01 [notice] 36#36: exiting
2024/07/25 05:54:01 [notice] 37#37: gracefully shutting down
2024/07/25 05:54:01 [notice] 38#38: gracefully shutting down
2024/07/25 05:54:01 [notice] 37#37: exiting
2024/07/25 05:54:01 [notice] 38#38: exiting
2024/07/25 05:54:01 [notice] 38#38: exit
2024/07/25 05:54:01 [notice] 37#37: exit
2024/07/25 05:54:01 [notice] 35#35: exit
2024/07/25 05:54:01 [notice] 39#39: gracefully shutting down
2024/07/25 05:54:01 [notice] 39#39: exiting
2024/07/25 05:54:01 [notice] 39#39: exit
2024/07/25 05:54:01 [notice] 36#36: exit
2024/07/25 05:54:01 [notice] 1#1: signal 17 (SIGCHLD) received from 32
2024/07/25 05:54:01 [notice] 1#1: worker process 32 exited with code 0
2024/07/25 05:54:01 [notice] 1#1: signal 29 (SIGIO) received
2024/07/25 05:54:01 [notice] 1#1: signal 17 (SIGCHLD) received from 39
2024/07/25 05:54:01 [notice] 1#1: worker process 35 exited with code 0
2024/07/25 05:54:01 [notice] 1#1: worker process 39 exited with code 0
2024/07/25 05:54:01 [notice] 1#1: signal 29 (SIGIO) received
2024/07/25 05:54:01 [notice] 1#1: signal 17 (SIGCHLD) received from 35
2024/07/25 05:54:01 [notice] 1#1: worker process 31 exited with code 0
2024/07/25 05:54:01 [notice] 1#1: worker process 38 exited with code 0
2024/07/25 05:54:01 [notice] 1#1: signal 29 (SIGIO) received
2024/07/25 05:54:01 [notice] 1#1: signal 17 (SIGCHLD) received from 36
2024/07/25 05:54:01 [notice] 1#1: worker process 36 exited with code 0
2024/07/25 05:54:01 [notice] 1#1: worker process 37 exited with code 0
2024/07/25 05:54:01 [notice] 1#1: signal 29 (SIGIO) received
2024/07/25 05:54:01 [notice] 1#1: signal 17 (SIGCHLD) received from 37
2024/07/25 05:54:01 [notice] 1#1: worker process 33 exited with code 0
2024/07/25 05:54:01 [notice] 1#1: worker process 34 exited with code 0
2024/07/25 05:54:01 [notice] 1#1: signal 29 (SIGIO) received
2024/07/25 05:54:01 [notice] 1#1: signal 17 (SIGCHLD) received from 34
2024/07/25 05:54:01 [notice] 1#1: signal 17 (SIGCHLD) received from 28
2024/07/25 05:54:01 [notice] 1#1: worker process 28 exited with code 0
2024/07/25 05:54:01 [notice] 1#1: signal 29 (SIGIO) received
2024/07/25 05:54:01 [notice] 1#1: signal 17 (SIGCHLD) received from 30
2024/07/25 05:54:01 [notice] 1#1: worker process 30 exited with code 0
2024/07/25 05:54:01 [notice] 1#1: signal 29 (SIGIO) received
2024/07/25 05:54:26 [notice] 1#1: using the "epoll" event method
2024/07/25 05:54:26 [notice] 1#1: nginx/1.27.0
2024/07/25 05:54:26 [notice] 1#1: built by gcc 12.2.0 (Debian 12.2.0-14) 
2024/07/25 05:54:26 [notice] 1#1: OS: Linux 6.9.9-200.fc40.x86_64
2024/07/25 05:54:26 [notice] 1#1: getrlimit(RLIMIT_NOFILE): 1073741816:1073741816
2024/07/25 05:54:26 [notice] 1#1: start worker processes
2024/07/25 05:54:26 [notice] 1#1: start worker process 28
2024/07/25 05:54:26 [notice] 1#1: start worker process 29
2024/07/25 05:54:26 [notice] 1#1: start worker process 30
2024/07/25 05:54:26 [notice] 1#1: start worker process 31
2024/07/25 05:54:26 [notice] 1#1: start worker process 32
2024/07/25 05:54:26 [notice] 1#1: start worker process 33
2024/07/25 05:54:26 [notice] 1#1: start worker process 34
2024/07/25 05:54:26 [notice] 1#1: start worker process 35
2024/07/25 05:54:26 [notice] 1#1: start worker process 36
2024/07/25 05:54:26 [notice] 1#1: start worker process 37
2024/07/25 05:54:26 [notice] 1#1: start worker process 38
2024/07/25 05:54:26 [notice] 1#1: start worker process 39
2024/07/25 13:51:06 [notice] 1#1: signal 3 (SIGQUIT) received, shutting down
2024/07/25 13:51:06 [notice] 28#28: gracefully shutting down
2024/07/25 13:51:06 [notice] 30#30: gracefully shutting down
2024/07/25 13:51:06 [notice] 31#31: gracefully shutting down
2024/07/25 13:51:06 [notice] 34#34: gracefully shutting down
2024/07/25 13:51:06 [notice] 36#36: gracefully shutting down
2024/07/25 13:51:06 [notice] 32#32: gracefully shutting down
2024/07/25 13:51:06 [notice] 31#31: exiting
2024/07/25 13:51:06 [notice] 30#30: exiting
2024/07/25 13:51:06 [notice] 32#32: exiting
2024/07/25 13:51:06 [notice] 28#28: exiting
2024/07/25 13:51:06 [notice] 34#34: exiting
2024/07/25 13:51:06 [notice] 36#36: exiting
2024/07/25 13:51:06 [notice] 30#30: exit
2024/07/25 13:51:06 [notice] 28#28: exit
2024/07/25 13:51:06 [notice] 34#34: exit
2024/07/25 13:51:06 [notice] 36#36: exit
2024/07/25 13:51:06 [notice] 32#32: exit
2024/07/25 13:51:06 [notice] 29#29: gracefully shutting down
2024/07/25 13:51:06 [notice] 33#33: gracefully shutting down
2024/07/25 13:51:06 [notice] 31#31: exit
2024/07/25 13:51:06 [notice] 35#35: gracefully shutting down
2024/07/25 13:51:06 [notice] 37#37: gracefully shutting down
2024/07/25 13:51:06 [notice] 38#38: gracefully shutting down
2024/07/25 13:51:06 [notice] 39#39: gracefully shutting down
2024/07/25 13:51:06 [notice] 38#38: exiting
2024/07/25 13:51:06 [notice] 29#29: exiting
2024/07/25 13:51:06 [notice] 35#35: exiting
2024/07/25 13:51:06 [notice] 38#38: exit
2024/07/25 13:51:06 [notice] 29#29: exit
2024/07/25 13:51:06 [notice] 39#39: exiting
2024/07/25 13:51:06 [notice] 35#35: exit
2024/07/25 13:51:06 [notice] 39#39: exit
2024/07/25 13:51:06 [notice] 37#37: exiting
2024/07/25 13:51:06 [notice] 37#37: exit
2024/07/25 13:51:06 [notice] 33#33: exiting
2024/07/25 13:51:06 [notice] 33#33: exit
2024/07/25 13:51:06 [notice] 1#1: signal 17 (SIGCHLD) received from 28
2024/07/25 13:51:06 [notice] 1#1: worker process 28 exited with code 0
2024/07/25 13:51:06 [notice] 1#1: worker process 30 exited with code 0
2024/07/25 13:51:06 [notice] 1#1: worker process 32 exited with code 0
2024/07/25 13:51:06 [notice] 1#1: signal 29 (SIGIO) received
2024/07/25 13:51:06 [notice] 1#1: signal 17 (SIGCHLD) received from 32
2024/07/25 13:51:06 [notice] 1#1: worker process 34 exited with code 0
2024/07/25 13:51:06 [notice] 1#1: signal 29 (SIGIO) received
2024/07/25 13:51:06 [notice] 1#1: signal 17 (SIGCHLD) received from 31
2024/07/25 13:51:06 [notice] 1#1: worker process 29 exited with code 0
2024/07/25 13:51:06 [notice] 1#1: worker process 31 exited with code 0
2024/07/25 13:51:06 [notice] 1#1: worker process 35 exited with code 0
2024/07/25 13:51:06 [notice] 1#1: worker process 39 exited with code 0
2024/07/25 13:51:06 [notice] 1#1: signal 29 (SIGIO) received
2024/07/25 13:51:06 [notice] 1#1: signal 17 (SIGCHLD) received from 37
2024/07/25 13:51:06 [notice] 1#1: worker process 37 exited with code 0
2024/07/25 13:51:06 [notice] 1#1: signal 29 (SIGIO) received
2024/07/25 13:51:06 [notice] 1#1: signal 17 (SIGCHLD) received from 36
2024/07/25 13:51:06 [notice] 1#1: worker process 36 exited with code 0
2024/07/25 13:51:06 [notice] 1#1: signal 29 (SIGIO) received
2024/07/25 13:51:06 [notice] 1#1: signal 17 (SIGCHLD) received from 38
2024/07/25 13:51:06 [notice] 1#1: worker process 38 exited with code 0
2024/07/25 13:51:06 [notice] 1#1: signal 29 (SIGIO) received
2024/07/25 13:51:06 [notice] 1#1: signal 17 (SIGCHLD) received from 33
2024/07/25 13:51:06 [notice] 1#1: worker process 33 exited with code 0
2024/07/25 13:51:06 [notice] 1#1: exit
2024/07/26 05:40:37 [notice] 1#1: using the "epoll" event method
2024/07/26 05:40:37 [notice] 1#1: nginx/1.27.0
2024/07/26 05:40:37 [notice] 1#1: built by gcc 12.2.0 (Debian 12.2.0-14) 
2024/07/26 05:40:37 [notice] 1#1: OS: Linux 6.9.9-200.fc40.x86_64
2024/07/26 05:40:37 [notice] 1#1: getrlimit(RLIMIT_NOFILE): 1073741816:1073741816
2024/07/26 05:40:37 [notice] 1#1: start worker processes
2024/07/26 05:40:37 [notice] 1#1: start worker process 28
2024/07/26 05:40:37 [notice] 1#1: start worker process 29
2024/07/26 05:40:37 [notice] 1#1: start worker process 30
2024/07/26 05:40:37 [notice] 1#1: start worker process 31
2024/07/26 05:40:37 [notice] 1#1: start worker process 32
2024/07/26 05:40:37 [notice] 1#1: start worker process 33
2024/07/26 05:40:37 [notice] 1#1: start worker process 34
2024/07/26 05:40:37 [notice] 1#1: start worker process 35
2024/07/26 05:40:37 [notice] 1#1: start worker process 36
2024/07/26 05:40:37 [notice] 1#1: start worker process 37
2024/07/26 05:40:37 [notice] 1#1: start worker process 38
2024/07/26 05:40:37 [notice] 1#1: start worker process 39
